<?xml version="1.0" encoding="UTF-8"?>
<!-- Generated by org.testng.reporters.JUnitReportReporter -->
<testsuite hostname="PF-Home-PC" failures="0" tests="1" name="com.testscenarios.collegeweekely_testng" time="12.962" errors="0" timestamp="2023-12-01T14:19:12 MST" skipped="0">
  <testcase classname="com.testscenarios.collegeweekely_testng" name="f" time="12.962"/>
  <system-out/>
</testsuite> <!-- com.testscenarios.collegeweekely_testng -->
